<?xml version="1.0" encoding="utf-8"?><testsuites name="pytest tests"><testsuite name="pytest" errors="0" failures="0" skipped="0" tests="8" time="12.022" timestamp="2026-01-08T10:17:14.862984+05:30" hostname="Sarthak"><testcase classname="tests.test_api" name="test_health_check" time="0.019" /><testcase classname="tests.test_api" name="test_historical_data" time="0.016" /><testcase classname="tests.test_api" name="test_predictions" time="0.004" /><testcase classname="tests.test_api" name="test_chat" time="0.007" /><testcase classname="tests.test_models" name="test_data_preparation" time="0.022" /><testcase classname="tests.test_models" name="test_model_training" time="6.273" /><testcase classname="tests.test_models" name="test_prediction_output" time="0.004" /><testcase classname="tests.test_models" name="test_prediction_reasonableness" time="0.003" /></testsuite></testsuites>